                              1 ;--------------------------------------------------------
                              2 ; File Created by SDCC : free open source ANSI-C Compiler
                              3 ; Version 3.6.8 #9946 (Mac OS X x86_64)
                              4 ;--------------------------------------------------------
                              5 	.module trig
                              6 	.optsdcc -mz80
                              7 	
                              8 ;--------------------------------------------------------
                              9 ; Public variables in this module
                             10 ;--------------------------------------------------------
                             11 	.globl _mini16
                             12 	.globl _maxi16
                             13 	.globl _cosine
                             14 	.globl _sine
                             15 	.globl _sine_table
                             16 ;--------------------------------------------------------
                             17 ; special function registers
                             18 ;--------------------------------------------------------
                             19 ;--------------------------------------------------------
                             20 ; ram data
                             21 ;--------------------------------------------------------
                             22 	.area _DATA
                             23 ;--------------------------------------------------------
                             24 ; ram data
                             25 ;--------------------------------------------------------
                             26 	.area _INITIALIZED
                             27 ;--------------------------------------------------------
                             28 ; absolute external ram data
                             29 ;--------------------------------------------------------
                             30 	.area _DABS (ABS)
                             31 ;--------------------------------------------------------
                             32 ; global & static initialisations
                             33 ;--------------------------------------------------------
                             34 	.area _HOME
                             35 	.area _GSINIT
                             36 	.area _GSFINAL
                             37 	.area _GSINIT
                             38 ;--------------------------------------------------------
                             39 ; Home
                             40 ;--------------------------------------------------------
                             41 	.area _HOME
                             42 	.area _HOME
                             43 ;--------------------------------------------------------
                             44 ; code
                             45 ;--------------------------------------------------------
                             46 	.area _CODE
                             47 ;src/util/trig.c:15: i16 sine(i16 angle) {
                             48 ;	---------------------------------
                             49 ; Function sine
                             50 ; ---------------------------------
   0000                      51 _sine::
   0000 DD E5         [15]   52 	push	ix
   0002 DD 21 00 00   [14]   53 	ld	ix,#0
   0006 DD 39         [15]   54 	add	ix,sp
                             55 ;src/util/trig.c:16: if (angle < 90) {
   0008 DD 7E 04      [19]   56 	ld	a, 4 (ix)
   000B D6 5A         [ 7]   57 	sub	a, #0x5a
   000D DD 7E 05      [19]   58 	ld	a, 5 (ix)
   0010 17            [ 4]   59 	rla
   0011 3F            [ 4]   60 	ccf
   0012 1F            [ 4]   61 	rra
   0013 DE 80         [ 7]   62 	sbc	a, #0x80
   0015 30 11         [12]   63 	jr	NC,00108$
                             64 ;src/util/trig.c:17: return sine_table[angle];
   0017 01r8Cr00      [10]   65 	ld	bc, #_sine_table+0
   001A DD 6E 04      [19]   66 	ld	l,4 (ix)
   001D DD 66 05      [19]   67 	ld	h,5 (ix)
   0020 29            [11]   68 	add	hl, hl
   0021 09            [11]   69 	add	hl, bc
   0022 7E            [ 7]   70 	ld	a, (hl)
   0023 23            [ 6]   71 	inc	hl
   0024 66            [ 7]   72 	ld	h, (hl)
   0025 6F            [ 4]   73 	ld	l, a
   0026 18 61         [12]   74 	jr	00110$
   0028                      75 00108$:
                             76 ;src/util/trig.c:19: return sine_table[180 - angle];
   0028 DD 4E 04      [19]   77 	ld	c, 4 (ix)
                             78 ;src/util/trig.c:18: } else if (angle < 180) {
   002B DD 7E 04      [19]   79 	ld	a, 4 (ix)
   002E D6 B4         [ 7]   80 	sub	a, #0xb4
   0030 DD 7E 05      [19]   81 	ld	a, 5 (ix)
   0033 17            [ 4]   82 	rla
   0034 3F            [ 4]   83 	ccf
   0035 1F            [ 4]   84 	rra
   0036 DE 80         [ 7]   85 	sbc	a, #0x80
   0038 30 12         [12]   86 	jr	NC,00105$
                             87 ;src/util/trig.c:19: return sine_table[180 - angle];
   003A 11r8Cr00      [10]   88 	ld	de, #_sine_table+0
   003D 3E B4         [ 7]   89 	ld	a, #0xb4
   003F 91            [ 4]   90 	sub	a, c
   0040 6F            [ 4]   91 	ld	l, a
   0041 17            [ 4]   92 	rla
   0042 9F            [ 4]   93 	sbc	a, a
   0043 67            [ 4]   94 	ld	h, a
   0044 29            [11]   95 	add	hl, hl
   0045 19            [11]   96 	add	hl, de
   0046 4E            [ 7]   97 	ld	c, (hl)
   0047 23            [ 6]   98 	inc	hl
   0048 66            [ 7]   99 	ld	h, (hl)
   0049 69            [ 4]  100 	ld	l, c
   004A 18 3D         [12]  101 	jr	00110$
   004C                     102 00105$:
                            103 ;src/util/trig.c:20: } else if (angle < 270) {
   004C DD 7E 04      [19]  104 	ld	a, 4 (ix)
   004F D6 0E         [ 7]  105 	sub	a, #0x0e
   0051 DD 7E 05      [19]  106 	ld	a, 5 (ix)
   0054 17            [ 4]  107 	rla
   0055 3F            [ 4]  108 	ccf
   0056 1F            [ 4]  109 	rra
   0057 DE 81         [ 7]  110 	sbc	a, #0x81
   0059 30 18         [12]  111 	jr	NC,00102$
                            112 ;src/util/trig.c:21: return -sine_table[angle - 180];
   005B 79            [ 4]  113 	ld	a, c
   005C C6 4C         [ 7]  114 	add	a, #0x4c
   005E 6F            [ 4]  115 	ld	l, a
   005F 17            [ 4]  116 	rla
   0060 9F            [ 4]  117 	sbc	a, a
   0061 67            [ 4]  118 	ld	h, a
   0062 29            [11]  119 	add	hl, hl
   0063 11r8Cr00      [10]  120 	ld	de, #_sine_table
   0066 19            [11]  121 	add	hl, de
   0067 4E            [ 7]  122 	ld	c, (hl)
   0068 23            [ 6]  123 	inc	hl
   0069 46            [ 7]  124 	ld	b, (hl)
   006A AF            [ 4]  125 	xor	a, a
   006B 91            [ 4]  126 	sub	a, c
   006C 6F            [ 4]  127 	ld	l, a
   006D 3E 00         [ 7]  128 	ld	a, #0x00
   006F 98            [ 4]  129 	sbc	a, b
   0070 67            [ 4]  130 	ld	h, a
   0071 18 16         [12]  131 	jr	00110$
   0073                     132 00102$:
                            133 ;src/util/trig.c:23: return -sine_table[360 - angle];
   0073 3E 68         [ 7]  134 	ld	a, #0x68
   0075 91            [ 4]  135 	sub	a, c
   0076 6F            [ 4]  136 	ld	l, a
   0077 17            [ 4]  137 	rla
   0078 9F            [ 4]  138 	sbc	a, a
   0079 67            [ 4]  139 	ld	h, a
   007A 29            [11]  140 	add	hl, hl
   007B 11r8Cr00      [10]  141 	ld	de, #_sine_table
   007E 19            [11]  142 	add	hl, de
   007F 4E            [ 7]  143 	ld	c, (hl)
   0080 23            [ 6]  144 	inc	hl
   0081 46            [ 7]  145 	ld	b, (hl)
   0082 AF            [ 4]  146 	xor	a, a
   0083 91            [ 4]  147 	sub	a, c
   0084 6F            [ 4]  148 	ld	l, a
   0085 3E 00         [ 7]  149 	ld	a, #0x00
   0087 98            [ 4]  150 	sbc	a, b
   0088 67            [ 4]  151 	ld	h, a
   0089                     152 00110$:
   0089 DD E1         [14]  153 	pop	ix
   008B C9            [10]  154 	ret
   008C                     155 _sine_table:
   008C 00 00               156 	.dw #0x0000
   008E 04 00               157 	.dw #0x0004
   0090 09 00               158 	.dw #0x0009
   0092 0D 00               159 	.dw #0x000d
   0094 12 00               160 	.dw #0x0012
   0096 16 00               161 	.dw #0x0016
   0098 1B 00               162 	.dw #0x001b
   009A 1F 00               163 	.dw #0x001f
   009C 24 00               164 	.dw #0x0024
   009E 28 00               165 	.dw #0x0028
   00A0 2C 00               166 	.dw #0x002c
   00A2 31 00               167 	.dw #0x0031
   00A4 35 00               168 	.dw #0x0035
   00A6 3A 00               169 	.dw #0x003a
   00A8 3E 00               170 	.dw #0x003e
   00AA 42 00               171 	.dw #0x0042
   00AC 47 00               172 	.dw #0x0047
   00AE 4B 00               173 	.dw #0x004b
   00B0 4F 00               174 	.dw #0x004f
   00B2 53 00               175 	.dw #0x0053
   00B4 58 00               176 	.dw #0x0058
   00B6 5C 00               177 	.dw #0x005c
   00B8 60 00               178 	.dw #0x0060
   00BA 64 00               179 	.dw #0x0064
   00BC 68 00               180 	.dw #0x0068
   00BE 6C 00               181 	.dw #0x006c
   00C0 70 00               182 	.dw #0x0070
   00C2 74 00               183 	.dw #0x0074
   00C4 78 00               184 	.dw #0x0078
   00C6 7C 00               185 	.dw #0x007c
   00C8 80 00               186 	.dw #0x0080
   00CA 84 00               187 	.dw #0x0084
   00CC 88 00               188 	.dw #0x0088
   00CE 8B 00               189 	.dw #0x008b
   00D0 8F 00               190 	.dw #0x008f
   00D2 93 00               191 	.dw #0x0093
   00D4 96 00               192 	.dw #0x0096
   00D6 9A 00               193 	.dw #0x009a
   00D8 9E 00               194 	.dw #0x009e
   00DA A1 00               195 	.dw #0x00a1
   00DC A5 00               196 	.dw #0x00a5
   00DE A8 00               197 	.dw #0x00a8
   00E0 AB 00               198 	.dw #0x00ab
   00E2 AF 00               199 	.dw #0x00af
   00E4 B2 00               200 	.dw #0x00b2
   00E6 B5 00               201 	.dw #0x00b5
   00E8 B8 00               202 	.dw #0x00b8
   00EA BB 00               203 	.dw #0x00bb
   00EC BE 00               204 	.dw #0x00be
   00EE C1 00               205 	.dw #0x00c1
   00F0 C4 00               206 	.dw #0x00c4
   00F2 C7 00               207 	.dw #0x00c7
   00F4 CA 00               208 	.dw #0x00ca
   00F6 CC 00               209 	.dw #0x00cc
   00F8 CF 00               210 	.dw #0x00cf
   00FA D2 00               211 	.dw #0x00d2
   00FC D4 00               212 	.dw #0x00d4
   00FE D7 00               213 	.dw #0x00d7
   0100 D9 00               214 	.dw #0x00d9
   0102 DB 00               215 	.dw #0x00db
   0104 DE 00               216 	.dw #0x00de
   0106 E0 00               217 	.dw #0x00e0
   0108 E2 00               218 	.dw #0x00e2
   010A E4 00               219 	.dw #0x00e4
   010C E6 00               220 	.dw #0x00e6
   010E E8 00               221 	.dw #0x00e8
   0110 EA 00               222 	.dw #0x00ea
   0112 EC 00               223 	.dw #0x00ec
   0114 ED 00               224 	.dw #0x00ed
   0116 EF 00               225 	.dw #0x00ef
   0118 F1 00               226 	.dw #0x00f1
   011A F2 00               227 	.dw #0x00f2
   011C F3 00               228 	.dw #0x00f3
   011E F5 00               229 	.dw #0x00f5
   0120 F6 00               230 	.dw #0x00f6
   0122 F7 00               231 	.dw #0x00f7
   0124 F8 00               232 	.dw #0x00f8
   0126 F9 00               233 	.dw #0x00f9
   0128 FA 00               234 	.dw #0x00fa
   012A FB 00               235 	.dw #0x00fb
   012C FC 00               236 	.dw #0x00fc
   012E FD 00               237 	.dw #0x00fd
   0130 FE 00               238 	.dw #0x00fe
   0132 FE 00               239 	.dw #0x00fe
   0134 FF 00               240 	.dw #0x00ff
   0136 FF 00               241 	.dw #0x00ff
   0138 FF 00               242 	.dw #0x00ff
   013A 00 01               243 	.dw #0x0100
   013C 00 01               244 	.dw #0x0100
   013E 00 01               245 	.dw #0x0100
   0140 00 01               246 	.dw #0x0100
                            247 ;src/util/trig.c:27: i16 cosine(i16 angle) {
                            248 ;	---------------------------------
                            249 ; Function cosine
                            250 ; ---------------------------------
   0142                     251 _cosine::
                            252 ;src/util/trig.c:28: if (angle <= 90)
   0142 3E 5A         [ 7]  253 	ld	a, #0x5a
   0144 FD 21 02 00   [14]  254 	ld	iy, #2
   0148 FD 39         [15]  255 	add	iy, sp
   014A FD BE 00      [19]  256 	cp	a, 0 (iy)
   014D 3E 00         [ 7]  257 	ld	a, #0x00
   014F FD 9E 01      [19]  258 	sbc	a, 1 (iy)
   0152 E2r57r01      [10]  259 	jp	PO, 00110$
   0155 EE 80         [ 7]  260 	xor	a, #0x80
   0157                     261 00110$:
   0157 FAr6Dr01      [10]  262 	jp	M, 00102$
                            263 ;src/util/trig.c:29: return (sine(90 - angle));
   015A 21 02 00      [10]  264 	ld	hl, #2
   015D 39            [11]  265 	add	hl, sp
   015E 3E 5A         [ 7]  266 	ld	a, #0x5a
   0160 96            [ 7]  267 	sub	a, (hl)
   0161 4F            [ 4]  268 	ld	c, a
   0162 3E 00         [ 7]  269 	ld	a, #0x00
   0164 23            [ 6]  270 	inc	hl
   0165 9E            [ 7]  271 	sbc	a, (hl)
   0166 47            [ 4]  272 	ld	b, a
   0167 C5            [11]  273 	push	bc
   0168 CDr00r00      [17]  274 	call	_sine
   016B F1            [10]  275 	pop	af
   016C C9            [10]  276 	ret
   016D                     277 00102$:
                            278 ;src/util/trig.c:31: return (-sine(angle - 90));
   016D FD 21 02 00   [14]  279 	ld	iy, #2
   0171 FD 39         [15]  280 	add	iy, sp
   0173 FD 7E 00      [19]  281 	ld	a, 0 (iy)
   0176 C6 A6         [ 7]  282 	add	a, #0xa6
   0178 4F            [ 4]  283 	ld	c, a
   0179 FD 7E 01      [19]  284 	ld	a, 1 (iy)
   017C CE FF         [ 7]  285 	adc	a, #0xff
   017E 47            [ 4]  286 	ld	b, a
   017F C5            [11]  287 	push	bc
   0180 CDr00r00      [17]  288 	call	_sine
   0183 F1            [10]  289 	pop	af
   0184 AF            [ 4]  290 	xor	a, a
   0185 95            [ 4]  291 	sub	a, l
   0186 6F            [ 4]  292 	ld	l, a
   0187 3E 00         [ 7]  293 	ld	a, #0x00
   0189 9C            [ 4]  294 	sbc	a, h
   018A 67            [ 4]  295 	ld	h, a
   018B C9            [10]  296 	ret
                            297 ;src/util/trig.c:34: i16 maxi16(i16 a, i16 b){
                            298 ;	---------------------------------
                            299 ; Function maxi16
                            300 ; ---------------------------------
   018C                     301 _maxi16::
                            302 ;src/util/trig.c:35: if (a>b)
   018C 21 04 00      [10]  303 	ld	hl, #4
   018F 39            [11]  304 	add	hl, sp
   0190 7E            [ 7]  305 	ld	a, (hl)
   0191 FD 21 02 00   [14]  306 	ld	iy, #2
   0195 FD 39         [15]  307 	add	iy, sp
   0197 FD 96 00      [19]  308 	sub	a, 0 (iy)
   019A 23            [ 6]  309 	inc	hl
   019B 7E            [ 7]  310 	ld	a, (hl)
   019C FD 9E 01      [19]  311 	sbc	a, 1 (iy)
   019F E2rA4r01      [10]  312 	jp	PO, 00110$
   01A2 EE 80         [ 7]  313 	xor	a, #0x80
   01A4                     314 00110$:
   01A4 F2rACr01      [10]  315 	jp	P, 00102$
                            316 ;src/util/trig.c:36: return a;
   01A7 C1            [10]  317 	pop	bc
   01A8 E1            [10]  318 	pop	hl
   01A9 E5            [11]  319 	push	hl
   01AA C5            [11]  320 	push	bc
   01AB C9            [10]  321 	ret
   01AC                     322 00102$:
                            323 ;src/util/trig.c:38: return b;
   01AC 21 04 00      [10]  324 	ld	hl, #4
   01AF 39            [11]  325 	add	hl, sp
   01B0 7E            [ 7]  326 	ld	a, (hl)
   01B1 23            [ 6]  327 	inc	hl
   01B2 66            [ 7]  328 	ld	h, (hl)
   01B3 6F            [ 4]  329 	ld	l, a
   01B4 C9            [10]  330 	ret
                            331 ;src/util/trig.c:40: i16 mini16(i16 a, i16 b){
                            332 ;	---------------------------------
                            333 ; Function mini16
                            334 ; ---------------------------------
   01B5                     335 _mini16::
                            336 ;src/util/trig.c:41: if (a>b)
   01B5 21 04 00      [10]  337 	ld	hl, #4
   01B8 39            [11]  338 	add	hl, sp
   01B9 7E            [ 7]  339 	ld	a, (hl)
   01BA FD 21 02 00   [14]  340 	ld	iy, #2
   01BE FD 39         [15]  341 	add	iy, sp
   01C0 FD 96 00      [19]  342 	sub	a, 0 (iy)
   01C3 23            [ 6]  343 	inc	hl
   01C4 7E            [ 7]  344 	ld	a, (hl)
   01C5 FD 9E 01      [19]  345 	sbc	a, 1 (iy)
   01C8 E2rCDr01      [10]  346 	jp	PO, 00110$
   01CB EE 80         [ 7]  347 	xor	a, #0x80
   01CD                     348 00110$:
   01CD F2rD9r01      [10]  349 	jp	P, 00102$
                            350 ;src/util/trig.c:42: return b;
   01D0 21 04 00      [10]  351 	ld	hl, #4
   01D3 39            [11]  352 	add	hl, sp
   01D4 7E            [ 7]  353 	ld	a, (hl)
   01D5 23            [ 6]  354 	inc	hl
   01D6 66            [ 7]  355 	ld	h, (hl)
   01D7 6F            [ 4]  356 	ld	l, a
   01D8 C9            [10]  357 	ret
   01D9                     358 00102$:
                            359 ;src/util/trig.c:44: return a;
   01D9 C1            [10]  360 	pop	bc
   01DA E1            [10]  361 	pop	hl
   01DB E5            [11]  362 	push	hl
   01DC C5            [11]  363 	push	bc
   01DD C9            [10]  364 	ret
                            365 	.area _CODE
                            366 	.area _INITIALIZER
                            367 	.area _CABS (ABS)
