                              1 ;--------------------------------------------------------
                              2 ; File Created by SDCC : free open source ANSI-C Compiler
                              3 ; Version 3.6.8 #9946 (Linux)
                              4 ;--------------------------------------------------------
                              5 	.module util
                              6 	.optsdcc -mz80
                              7 	
                              8 ;--------------------------------------------------------
                              9 ; Public variables in this module
                             10 ;--------------------------------------------------------
                             11 	.globl _wait4OneKey
                             12 	.globl _cpct_isAnyKeyPressed
                             13 ;--------------------------------------------------------
                             14 ; special function registers
                             15 ;--------------------------------------------------------
                             16 ;--------------------------------------------------------
                             17 ; ram data
                             18 ;--------------------------------------------------------
                             19 	.area _DATA
                             20 ;--------------------------------------------------------
                             21 ; ram data
                             22 ;--------------------------------------------------------
                             23 	.area _INITIALIZED
                             24 ;--------------------------------------------------------
                             25 ; absolute external ram data
                             26 ;--------------------------------------------------------
                             27 	.area _DABS (ABS)
                             28 ;--------------------------------------------------------
                             29 ; global & static initialisations
                             30 ;--------------------------------------------------------
                             31 	.area _HOME
                             32 	.area _GSINIT
                             33 	.area _GSFINAL
                             34 	.area _GSINIT
                             35 ;--------------------------------------------------------
                             36 ; Home
                             37 ;--------------------------------------------------------
                             38 	.area _HOME
                             39 	.area _HOME
                             40 ;--------------------------------------------------------
                             41 ; code
                             42 ;--------------------------------------------------------
                             43 	.area _CODE
                             44 ;src/util/util.c:11: void wait4OneKey()
                             45 ;	---------------------------------
                             46 ; Function wait4OneKey
                             47 ; ---------------------------------
   0000                      48 _wait4OneKey::
                             49 ;src/util/util.c:14: while (cpct_isAnyKeyPressed());
   0000                      50 00101$:
   0000 CDr00r00      [17]   51 	call	_cpct_isAnyKeyPressed
   0003 7D            [ 4]   52 	ld	a, l
   0004 B7            [ 4]   53 	or	a, a
   0005 20 F9         [12]   54 	jr	NZ,00101$
                             55 ;src/util/util.c:17: while (!cpct_isAnyKeyPressed());
   0007                      56 00104$:
   0007 CDr00r00      [17]   57 	call	_cpct_isAnyKeyPressed
   000A 7D            [ 4]   58 	ld	a, l
   000B B7            [ 4]   59 	or	a, a
   000C 28 F9         [12]   60 	jr	Z,00104$
                             61 ;src/util/util.c:19: return;
   000E C9            [10]   62 	ret
                             63 	.area _CODE
                             64 	.area _INITIALIZER
                             65 	.area _CABS (ABS)
